0 info it worked if it ends with ok
1 verbose cli [ '/usr/local/bin/node',
1 verbose cli   '/usr/local/bin/npm',
1 verbose cli   'run',
1 verbose cli   'test:unit' ]
2 info using npm@3.9.3
3 info using node@v6.2.1
4 verbose run-script [ 'pretest:unit', 'test:unit', 'posttest:unit' ]
5 info lifecycle vue-router@2.0.0-rc.4~pretest:unit: vue-router@2.0.0-rc.4
6 silly lifecycle vue-router@2.0.0-rc.4~pretest:unit: no script for pretest:unit, continuing
7 info lifecycle vue-router@2.0.0-rc.4~test:unit: vue-router@2.0.0-rc.4
8 verbose lifecycle vue-router@2.0.0-rc.4~test:unit: unsafe-perm in lifecycle true
9 verbose lifecycle vue-router@2.0.0-rc.4~test:unit: PATH: /usr/local/lib/node_modules/npm/bin/node-gyp-bin:/Users/thorstenlunborg/Documents/WebDev/Projects/vue-router/node_modules/.bin:/usr/local/bin:/Users/thorstenlunborg/.rvm/gems/ruby-2.1.3/bin:/Users/thorstenlunborg/.rvm/gems/ruby-2.1.3@global/bin:/Users/thorstenlunborg/.rvm/rubies/ruby-2.1.3/bin:/Users/thorstenlunborg/.rbenv/shims:/usr/local/bin:/usr/bin:/bin:/usr/sbin:/sbin:/Users/thorstenlunborg/.rvm/bin
10 verbose lifecycle vue-router@2.0.0-rc.4~test:unit: CWD: /Users/thorstenlunborg/Documents/WebDev/Projects/vue-router
11 silly lifecycle vue-router@2.0.0-rc.4~test:unit: Args: [ '-c', 'jasmine JASMINE_CONFIG_PATH=test/unit/jasmine.json' ]
12 silly lifecycle vue-router@2.0.0-rc.4~test:unit: Returned: code: 1  signal: null
13 info lifecycle vue-router@2.0.0-rc.4~test:unit: Failed to exec test:unit script
14 verbose stack Error: vue-router@2.0.0-rc.4 test:unit: `jasmine JASMINE_CONFIG_PATH=test/unit/jasmine.json`
14 verbose stack Exit status 1
14 verbose stack     at EventEmitter.<anonymous> (/usr/local/lib/node_modules/npm/lib/utils/lifecycle.js:245:16)
14 verbose stack     at emitTwo (events.js:106:13)
14 verbose stack     at EventEmitter.emit (events.js:191:7)
14 verbose stack     at ChildProcess.<anonymous> (/usr/local/lib/node_modules/npm/lib/utils/spawn.js:24:14)
14 verbose stack     at emitTwo (events.js:106:13)
14 verbose stack     at ChildProcess.emit (events.js:191:7)
14 verbose stack     at maybeClose (internal/child_process.js:852:16)
14 verbose stack     at Process.ChildProcess._handle.onexit (internal/child_process.js:215:5)
15 verbose pkgid vue-router@2.0.0-rc.4
16 verbose cwd /Users/thorstenlunborg/Documents/WebDev/Projects/vue-router
17 error Darwin 15.6.0
18 error argv "/usr/local/bin/node" "/usr/local/bin/npm" "run" "test:unit"
19 error node v6.2.1
20 error npm  v3.9.3
21 error code ELIFECYCLE
22 error vue-router@2.0.0-rc.4 test:unit: `jasmine JASMINE_CONFIG_PATH=test/unit/jasmine.json`
22 error Exit status 1
23 error Failed at the vue-router@2.0.0-rc.4 test:unit script 'jasmine JASMINE_CONFIG_PATH=test/unit/jasmine.json'.
23 error Make sure you have the latest version of node.js and npm installed.
23 error If you do, this is most likely a problem with the vue-router package,
23 error not with npm itself.
23 error Tell the author that this fails on your system:
23 error     jasmine JASMINE_CONFIG_PATH=test/unit/jasmine.json
23 error You can get information on how to open an issue for this project with:
23 error     npm bugs vue-router
23 error Or if that isn't available, you can get their info via:
23 error     npm owner ls vue-router
23 error There is likely additional logging output above.
24 verbose exit [ 1, true ]
